2021-12-09 21:00:01,793 :INFO :AndroidUtilities :Took screenshot and saved as Test_confirm_09122101.png in screenshots folder.
2021-12-09 21:00:01,794 :INFO :ShellApiDemos :Element clicked
2021-12-09 21:00:02,482 :INFO :AndroidUtilities :Element displayed Successfully
2021-12-09 21:00:03,541 :INFO :AndroidUtilities :Clicked on the element.
2021-12-09 21:00:04,704 :INFO :AndroidUtilities :Clicked on the element.
2021-12-09 21:00:04,753 :ERROR :WaitUtilities :Value Checkbox 1 not present in element ('accessibility id', 'Checkbox 1') within the expected time.
2021-12-09 21:00:04,830 :INFO :AndroidUtilities :Clicked on the element.
2021-12-09 21:00:26,972 :ERROR :WaitUtilities :Element ('accessibility id', '1. Light Theme') is not clickable. Unable to click / find the element within the specified time. Exception: TimeoutException
2021-12-09 21:00:37,899 :ERROR :WaitUtilities :Element ('accessibility id', 'Controls') is not clickable. Unable to click / find the element within the specified time. Exception: TimeoutException
2021-12-09 21:00:48,178 :ERROR :WaitUtilities :Element ('accessibility id', 'Next') is not clickable. Unable to click / find the element within the specified time. Exception: TimeoutException
2021-12-09 21:00:48,653 :INFO :AndroidUtilities :Took screenshot and saved as Test_Lists_and_ExpandableLists_09122148.png in screenshots folder.
2021-12-09 21:01:00,069 :ERROR :WaitUtilities :Element ('accessibility id', '1. Light Theme') is not clickable. Unable to click / find the element within the specified time. Exception: TimeoutException
2021-12-09 21:01:10,149 :ERROR :WaitUtilities :Element ('accessibility id', 'Controls') is not clickable. Unable to click / find the element within the specified time. Exception: TimeoutException
2021-12-09 21:01:21,408 :ERROR :WaitUtilities :Element ('accessibility id', '1. Light Theme') is not clickable. Unable to click / find the element within the specified time. Exception: TimeoutException
2021-12-09 21:01:32,796 :ERROR :WaitUtilities :Element ('accessibility id', 'Controls') is not clickable. Unable to click / find the element within the specified time. Exception: TimeoutException
2021-12-09 21:01:44,093 :ERROR :WaitUtilities :Element ('accessibility id', '1. Light Theme') is not clickable. Unable to click / find the element within the specified time. Exception: TimeoutException
2021-12-09 21:01:55,306 :ERROR :WaitUtilities :Element ('accessibility id', 'Controls') is not clickable. Unable to click / find the element within the specified time. Exception: TimeoutException
