<testsuite name="AccountCreation.Validate Account Creation" tests="1" errors="0" failures="0" skipped="0" time="3.345092" timestamp="2022-03-24T18:29:20.966458" hostname="BNGECO-L-82875"><testcase classname="AccountCreation.Validate Account Creation" name="Account Request validation" status="passed" time="3.345092"><system-out>
<![CDATA[
@scenario.begin

  @oathrequest
  Scenario: Account Request validation
    Given user logs into Salesforce application as "System Administrator" role ... passed in 3.345s

@scenario.end
--------------------------------------------------------------------------------
]]>
</system-out><system-err>
<![CDATA[
Captured stderr:
C:\Users\chinmaya.mishra\Projects\Python_Automation%20Framework\venv\lib\site-packages\urllib3\connectionpool.py:1013: InsecureRequestWarning: Unverified HTTPS request is being made to host 'shell-gc--staging.my.salesforce.com'. Adding certificate verification is strongly advised. See: https://urllib3.readthedocs.io/en/1.26.x/advanced-usage.html#ssl-warnings
  warnings.warn(

]]>
</system-err></testcase></testsuite>