<testsuite name="FPAReconcilation.Checking the FPA Reconcilation functionality" tests="3" errors="0" failures="0" skipped="3" time="0.0" timestamp="2023-03-06T23:43:01.430846" hostname="BNGECO-L-81690"><testcase classname="FPAReconcilation.Checking the FPA Reconcilation functionality" name="Validating FPA Reconciled data, Reprocessed -- @1.1 Dashboard Items" status="untested" time="0"><skipped /><system-out>
<![CDATA[
@scenario.begin
  Scenario Outline: Validating FPA Reconciled data, Reprocessed -- @1.1 Dashboard Items
    Given Launch the browser and navigate to the url ... untested in 0.000s
    When The user Clicks on "Reconciliation" ... untested in 0.000s
    Then The user validates Reconciled Data page title ... untested in 0.000s
    And The user validates Reconciled Data Fields ... untested in 0.000s
    And The user enters received date for "Reconciliation" and click on search button ... untested in 0.000s
    And The user Validates the Reconciled ReportPage Label ... untested in 0.000s
    Then The user enters received date and click on Clear button ... untested in 0.000s

@scenario.end
--------------------------------------------------------------------------------
]]>
</system-out></testcase><testcase classname="FPAReconcilation.Checking the FPA Reconcilation functionality" name="Validating FPA Reconciled data, Reprocessed -- @1.2 Dashboard Items" status="untested" time="0"><skipped /><system-out>
<![CDATA[
@scenario.begin
  Scenario Outline: Validating FPA Reconciled data, Reprocessed -- @1.2 Dashboard Items
    Given Launch the browser and navigate to the url ... untested in 0.000s
    When The user Clicks on "Reprocessed" ... untested in 0.000s
    Then The user validates Reconciled Data page title ... untested in 0.000s
    And The user validates Reconciled Data Fields ... untested in 0.000s
    And The user enters received date for "Reprocessed" and click on search button ... untested in 0.000s
    And The user Validates the Reconciled ReportPage Label ... untested in 0.000s
    Then The user enters received date and click on Clear button ... untested in 0.000s

@scenario.end
--------------------------------------------------------------------------------
]]>
</system-out></testcase><testcase classname="FPAReconcilation.Checking the FPA Reconcilation functionality" name="Validating Failed Reconciliation" status="untested" time="0"><skipped /><system-out>
<![CDATA[
@scenario.begin
  Scenario: Validating Failed Reconciliation
    When The user Clicks on Failed Reconciliation Dashboard Items ... untested in 0.000s
    Then The user validates Failed Reconciliation Page title ... untested in 0.000s
    And The user validates Failed Reconciliation Data Fields ... untested in 0.000s
    And The user enters received date for and click on search button ... untested in 0.000s
    And The user Validates the Failed Reconciliation Label ... untested in 0.000s
    Then The user enters received date and click on Clear button ... untested in 0.000s

@scenario.end
--------------------------------------------------------------------------------
]]>
</system-out></testcase></testsuite>