<testsuite name="FPALogin.Checking the FPA functionality" tests="1" errors="0" failures="0" skipped="0" time="18.519773" timestamp="2023-03-10T11:29:20.801600" hostname="BNGECO-L-81690"><testcase classname="FPALogin.Checking the FPA functionality" name="Validating FPA Left Menu and SubMenu" status="passed" time="18.519773"><system-out>
<![CDATA[
@scenario.begin
  Scenario: Validating FPA Left Menu and SubMenu
    Given Launch the browser and navigate to the url ... passed in 17.968s
    When The user validates the homepage ... passed in 0.257s
    When The user validates the dashboardItems ... passed in 0.295s

@scenario.end
--------------------------------------------------------------------------------
]]>
</system-out></testcase></testsuite>