<testsuite name="iOSDemoFeature.iOS Demo" tests="1" errors="0" failures="0" skipped="0" time="45.823164"><testcase classname="iOSDemoFeature.iOS Demo" name="Test IntegrationAPP" status="passed" time="45.823164"><system-out>
<![CDATA[
@scenario.begin

  @TestScenario
  Scenario: Test IntegrationAPP
    Given I have launched the UI Catalog App ... passed in 0.000s
    When I test Alert Views ... passed in 45.823s
    When I do parallel App testing ... passed in 0.000s

@scenario.end
--------------------------------------------------------------------------------

Captured stdout:
PORTRAIT
PORTRAIT
False

]]>
</system-out></testcase></testsuite>