<testsuite name="AndroidDemoFeature.Android Demo" tests="1" errors="0" failures="0" skipped="0" time="4.164292"><testcase classname="AndroidDemoFeature.Android Demo" name="Test light theme controls in views" status="passed" time="4.164292"><system-out>
<![CDATA[
@scenario.begin
  Scenario: Test light theme controls in views
    Given I have launched the apidemos app ... passed in 1.771s
    When I test views ... passed in 1.116s
    Then I verify checkbox and radio buttons ... passed in 1.277s

@scenario.end
--------------------------------------------------------------------------------
]]>
</system-out></testcase></testsuite>