<testsuite name="HybridAppDemoFeature.Hybrid App Demo" tests="2" errors="0" failures="0" skipped="2" time="0.0"><testcase classname="HybridAppDemoFeature.Hybrid App Demo" name="Test the search box" status="skipped" time="0"><skipped /><system-out>
<![CDATA[
@scenario.begin
  Scenario: Test the search box
    Given I launched the mobile native chrome app ... skipped in 0.000s
    When I am clicking on search and pass values to search ... skipped in 0.000s
    Then I Search for the text ... skipped in 0.000s

@scenario.end
--------------------------------------------------------------------------------
]]>
</system-out></testcase><testcase classname="HybridAppDemoFeature.Hybrid App Demo" name="Click on the link" status="skipped" time="0"><skipped /><system-out>
<![CDATA[
@scenario.begin
  Scenario: Click on the link
    When I test the web_view ... skipped in 0.000s
    Then I replace the search text ... skipped in 0.000s

@scenario.end
--------------------------------------------------------------------------------
]]>
</system-out></testcase></testsuite>