<testsuite name="iOSDemoFeature.iOS Demo" tests="1" errors="0" failures="0" skipped="1" time="0.0"><testcase classname="iOSDemoFeature.iOS Demo" name="Test IntegrationAPP" status="skipped" time="0"><skipped /><system-out>
<![CDATA[
@scenario.begin

  @TestScenario
  Scenario: Test IntegrationAPP
    Given I have launched the UI Catalog App ... skipped in 0.000s
    When I test Alert Views ... skipped in 0.000s

@scenario.end
--------------------------------------------------------------------------------
]]>
</system-out></testcase></testsuite>