<testsuite name="AndroidDemoFeature.Android Demo" tests="2" errors="0" failures="0" skipped="2" time="0.0"><testcase classname="AndroidDemoFeature.Android Demo" name="Test light theme controls in views" status="skipped" time="0"><skipped /><system-out>
<![CDATA[
@scenario.begin

  @TestScenario
  Scenario: Test light theme controls in views
    Given I have launched the apidemos app ... skipped in 0.000s
    When I test views ... skipped in 0.000s
    Then I verify checkbox and radio buttons ... skipped in 0.000s

@scenario.end
--------------------------------------------------------------------------------
]]>
</system-out></testcase><testcase classname="AndroidDemoFeature.Android Demo" name="Test Popups" status="skipped" time="0"><skipped /><system-out>
<![CDATA[
@scenario.begin
  Scenario: Test Popups
    When I Click on Views ... skipped in 0.000s
    Then I verify popups ... skipped in 0.000s

@scenario.end
--------------------------------------------------------------------------------
]]>
</system-out></testcase></testsuite>